2025-08-06 13:38:26,574 DEBUG    root            Loaded Command Group: ['gcloud', 'components']
2025-08-06 13:38:26,576 DEBUG    root            Loaded Command Group: ['gcloud', 'components', 'update']
2025-08-06 13:38:26,578 DEBUG    root            Running [gcloud.components.update] with arguments: [--quiet: "True", COMPONENT-IDS:8: "['gcloud', 'core', 'bq', 'gsutil', 'compute', 'preview', 'alpha', 'beta']"]
2025-08-06 13:38:26,579 INFO     ___FILE_ONLY___ Beginning update. This process may take several minutes.

2025-08-06 13:38:26,587 DEBUG    urllib3.connectionpool Starting new HTTPS connection (1): dl.google.com:443
2025-08-06 13:38:27,525 DEBUG    urllib3.connectionpool https://dl.google.com:443 "GET /dl/cloudsdk/channels/rapid/components-2.json HTTP/11" 200 239806
2025-08-06 13:38:27,538 WARNING  root            Component [compute] no longer exists.
2025-08-06 13:38:27,539 INFO     ___FILE_ONLY___ 

2025-08-06 13:38:27,540 INFO     ___FILE_ONLY___ 
Your current Google Cloud CLI version is: 533.0.0

2025-08-06 13:38:27,540 INFO     ___FILE_ONLY___ Installing components from version: 533.0.0

2025-08-06 13:38:27,540 INFO     ___FILE_ONLY___ 

2025-08-06 13:38:27,540 DEBUG    root            Chosen display Format:table[box,title="These components will be removed."](details.display_name:label=Name:align=left,version.version_string:label=Version:align=right,data.size.size(zero="",min=1048576):label=Size:align=right)
2025-08-06 13:38:27,541 DEBUG    root            Chosen display Format:table[box,title="These components will be updated."](details.display_name:label=Name:align=left,version.version_string:label=Version:align=right,data.size.size(zero="",min=1048576):label=Size:align=right)
2025-08-06 13:38:27,541 DEBUG    root            Chosen display Format:table[box,title="These components will be installed."](details.display_name:label=Name:align=left,version.version_string:label=Version:align=right,data.size.size(zero="",min=1048576):label=Size:align=right)
2025-08-06 13:38:27,554 INFO     ___FILE_ONLY___ ┌────────────────────────────────────────────────┐
2025-08-06 13:38:27,555 INFO     ___FILE_ONLY___ 

2025-08-06 13:38:27,555 INFO     ___FILE_ONLY___ │      These components will be installed.       │
2025-08-06 13:38:27,555 INFO     ___FILE_ONLY___ 

2025-08-06 13:38:27,555 INFO     ___FILE_ONLY___ ├─────────────────────────┬────────────┬─────────┤
2025-08-06 13:38:27,555 INFO     ___FILE_ONLY___ 

2025-08-06 13:38:27,555 INFO     ___FILE_ONLY___ │           Name          │  Version   │   Size  │
2025-08-06 13:38:27,555 INFO     ___FILE_ONLY___ 

2025-08-06 13:38:27,555 INFO     ___FILE_ONLY___ ├─────────────────────────┼────────────┼─────────┤
2025-08-06 13:38:27,555 INFO     ___FILE_ONLY___ 

2025-08-06 13:38:27,555 INFO     ___FILE_ONLY___ │ 
2025-08-06 13:38:27,555 INFO     ___FILE_ONLY___ gcloud Alpha Commands  
2025-08-06 13:38:27,556 INFO     ___FILE_ONLY___  
2025-08-06 13:38:27,556 INFO     ___FILE_ONLY___ │ 
2025-08-06 13:38:27,556 INFO     ___FILE_ONLY___ 2025.08.01
2025-08-06 13:38:27,556 INFO     ___FILE_ONLY___  
2025-08-06 13:38:27,556 INFO     ___FILE_ONLY___ │ 
2025-08-06 13:38:27,556 INFO     ___FILE_ONLY___ < 1 MiB
2025-08-06 13:38:27,556 INFO     ___FILE_ONLY___  
2025-08-06 13:38:27,556 INFO     ___FILE_ONLY___ │
2025-08-06 13:38:27,556 INFO     ___FILE_ONLY___ 

2025-08-06 13:38:27,556 INFO     ___FILE_ONLY___ │ 
2025-08-06 13:38:27,556 INFO     ___FILE_ONLY___ gcloud Beta Commands   
2025-08-06 13:38:27,556 INFO     ___FILE_ONLY___  
2025-08-06 13:38:27,556 INFO     ___FILE_ONLY___ │ 
2025-08-06 13:38:27,557 INFO     ___FILE_ONLY___ 2025.08.01
2025-08-06 13:38:27,557 INFO     ___FILE_ONLY___  
2025-08-06 13:38:27,557 INFO     ___FILE_ONLY___ │ 
2025-08-06 13:38:27,557 INFO     ___FILE_ONLY___ < 1 MiB
2025-08-06 13:38:27,557 INFO     ___FILE_ONLY___  
2025-08-06 13:38:27,557 INFO     ___FILE_ONLY___ │
2025-08-06 13:38:27,557 INFO     ___FILE_ONLY___ 

2025-08-06 13:38:27,557 INFO     ___FILE_ONLY___ │ 
2025-08-06 13:38:27,557 INFO     ___FILE_ONLY___ gcloud Preview Commands
2025-08-06 13:38:27,557 INFO     ___FILE_ONLY___  
2025-08-06 13:38:27,557 INFO     ___FILE_ONLY___ │ 
2025-08-06 13:38:27,557 INFO     ___FILE_ONLY___           
2025-08-06 13:38:27,557 INFO     ___FILE_ONLY___  
2025-08-06 13:38:27,557 INFO     ___FILE_ONLY___ │ 
2025-08-06 13:38:27,558 INFO     ___FILE_ONLY___ < 1 MiB
2025-08-06 13:38:27,558 INFO     ___FILE_ONLY___  
2025-08-06 13:38:27,558 INFO     ___FILE_ONLY___ │
2025-08-06 13:38:27,558 INFO     ___FILE_ONLY___ 

2025-08-06 13:38:27,558 INFO     ___FILE_ONLY___ └─────────────────────────┴────────────┴─────────┘
2025-08-06 13:38:27,558 INFO     ___FILE_ONLY___ 

2025-08-06 13:38:27,558 INFO     ___FILE_ONLY___ 

2025-08-06 13:38:27,561 DEBUG    urllib3.connectionpool Starting new HTTPS connection (1): dl.google.com:443
2025-08-06 13:38:27,728 DEBUG    urllib3.connectionpool https://dl.google.com:443 "GET /dl/cloudsdk/channels/rapid/RELEASE_NOTES HTTP/11" 200 1462763
2025-08-06 13:38:28,210 INFO     ___FILE_ONLY___ For the latest full release notes, please visit:
  https://cloud.google.com/sdk/release_notes


2025-08-06 13:38:28,210 INFO     ___FILE_ONLY___ Performing in place update...


2025-08-06 13:38:28,212 INFO     ___FILE_ONLY___ ╔════════════════════════════════════════════════════════════╗

2025-08-06 13:38:28,212 INFO     ___FILE_ONLY___ ╠═ Downloading: gcloud Alpha Commands                       ═╣

2025-08-06 13:38:28,213 INFO     ___FILE_ONLY___ ╚
2025-08-06 13:38:28,216 DEBUG    urllib3.connectionpool Starting new HTTPS connection (1): dl.google.com:443
2025-08-06 13:38:28,373 DEBUG    urllib3.connectionpool https://dl.google.com:443 "GET /dl/cloudsdk/channels/rapid/components/google-cloud-sdk-alpha-20250801150402.tar.gz HTTP/11" 200 800
2025-08-06 13:38:28,373 INFO     ___FILE_ONLY___ ════════════════════════════════════════════════════════════
2025-08-06 13:38:28,373 INFO     ___FILE_ONLY___ ╝

2025-08-06 13:38:28,375 INFO     ___FILE_ONLY___ ╔════════════════════════════════════════════════════════════╗

2025-08-06 13:38:28,375 INFO     ___FILE_ONLY___ ╠═ Downloading: gcloud Beta Commands                        ═╣

2025-08-06 13:38:28,376 INFO     ___FILE_ONLY___ ╚
2025-08-06 13:38:28,379 DEBUG    urllib3.connectionpool Starting new HTTPS connection (1): dl.google.com:443
2025-08-06 13:38:29,367 DEBUG    urllib3.connectionpool https://dl.google.com:443 "GET /dl/cloudsdk/channels/rapid/components/google-cloud-sdk-beta-20250801150402.tar.gz HTTP/11" 200 797
2025-08-06 13:38:29,367 INFO     ___FILE_ONLY___ ════════════════════════════════════════════════════════════
2025-08-06 13:38:29,368 INFO     ___FILE_ONLY___ ╝

2025-08-06 13:38:29,370 INFO     ___FILE_ONLY___ ╔════════════════════════════════════════════════════════════╗

2025-08-06 13:38:29,370 INFO     ___FILE_ONLY___ ╠═ Downloading: gcloud Preview Commands                     ═╣

2025-08-06 13:38:29,370 INFO     ___FILE_ONLY___ ╚
2025-08-06 13:38:29,373 DEBUG    urllib3.connectionpool Starting new HTTPS connection (1): dl.google.com:443
2025-08-06 13:38:30,381 DEBUG    urllib3.connectionpool https://dl.google.com:443 "GET /dl/cloudsdk/channels/rapid/components/google-cloud-sdk-preview-20241115154308.tar.gz HTTP/11" 200 823
2025-08-06 13:38:30,382 INFO     ___FILE_ONLY___ ════════════════════════════════════════════════════════════
2025-08-06 13:38:30,382 INFO     ___FILE_ONLY___ ╝

2025-08-06 13:38:30,384 INFO     ___FILE_ONLY___ ╔════════════════════════════════════════════════════════════╗

2025-08-06 13:38:30,384 INFO     ___FILE_ONLY___ ╠═ Installing: gcloud Alpha Commands                        ═╣

2025-08-06 13:38:30,384 INFO     ___FILE_ONLY___ ╚
2025-08-06 13:38:30,385 INFO     ___FILE_ONLY___ ════════════════════════════════════════════════════════════
2025-08-06 13:38:30,385 INFO     ___FILE_ONLY___ ╝

2025-08-06 13:38:30,390 INFO     ___FILE_ONLY___ ╔════════════════════════════════════════════════════════════╗

2025-08-06 13:38:30,390 INFO     ___FILE_ONLY___ ╠═ Installing: gcloud Beta Commands                         ═╣

2025-08-06 13:38:30,390 INFO     ___FILE_ONLY___ ╚
2025-08-06 13:38:30,391 INFO     ___FILE_ONLY___ ════════════════════════════════════════════════════════════
2025-08-06 13:38:30,391 INFO     ___FILE_ONLY___ ╝

2025-08-06 13:38:30,396 INFO     ___FILE_ONLY___ ╔════════════════════════════════════════════════════════════╗

2025-08-06 13:38:30,396 INFO     ___FILE_ONLY___ ╠═ Installing: gcloud Preview Commands                      ═╣

2025-08-06 13:38:30,396 INFO     ___FILE_ONLY___ ╚
2025-08-06 13:38:30,397 INFO     ___FILE_ONLY___ ════════════════════════════════════════════════════════════
2025-08-06 13:38:30,397 INFO     ___FILE_ONLY___ ╝

2025-08-06 13:38:30,402 DEBUG    root            Updating notification cache...
2025-08-06 13:38:30,402 INFO     ___FILE_ONLY___ 

2025-08-06 13:38:30,404 INFO     ___FILE_ONLY___ Performing post processing steps...
2025-08-06 13:38:30,404 DEBUG    root            Executing command: ['/tools/google-cloud-sdk/bin/gcloud', 'components', 'post-process']
2025-08-06 13:38:40,010 DEBUG    ___FILE_ONLY___ 
2025-08-06 13:38:40,011 DEBUG    ___FILE_ONLY___ 
2025-08-06 13:38:40,177 INFO     root            descriptor_list: [{'universeDomain': 'googleapis.com', 'universeShortName': '', 'authenticationDomain': 'auth.cloud.google.com', 'projectPrefix': '', 'cloudWebDomain': 'cloud.google.com', 'documentationDomain': 'cloud.google.com', 'version': '1.0.0', 'state': 'primary', 'artifactRegistryDomain': 'pkg.dev'}]
2025-08-06 13:38:40,178 INFO     ___FILE_ONLY___ 
Update done!


2025-08-06 13:38:40,180 DEBUG    root            Chosen display Format:none
2025-08-06 13:38:40,180 INFO     root            Display format: "none"
